0 info it worked if it ends with ok
1 verbose cli [ 'C:\\Program Files\\nodejs\\node.exe',
1 verbose cli   'C:\\Program Files\\nodejs\\node_modules\\npm\\bin\\npm-cli.js',
1 verbose cli   'start' ]
2 info using npm@3.10.10
3 info using node@v6.11.1
4 verbose run-script [ 'prestart', 'start', 'poststart' ]
5 info lifecycle dmail@0.0.0~prestart: dmail@0.0.0
6 silly lifecycle dmail@0.0.0~prestart: no script for prestart, continuing
7 info lifecycle dmail@0.0.0~start: dmail@0.0.0
8 verbose lifecycle dmail@0.0.0~start: unsafe-perm in lifecycle true
9 verbose lifecycle dmail@0.0.0~start: PATH: C:\Program Files\nodejs\node_modules\npm\bin\node-gyp-bin;D:\self_filebox\github上传项目\homeworks\dfc\2017-11-29\dmail\node_modules\.bin;c:\windows\system32;C:\ProgramData\Oracle\Java\javapath;C:\Program Files\Java\jdk1.8.0_131\bin;C:\Program Files\Java\jdk1.8.0_131\jre\bin;D:\self_filebox\tomcat7.0\lib;D:\self_filebox\tomcat7.0\bin;C:\Program Files\nodejs\;C:\Program Files (x86)\Subversion\bin;C:\Program Files\TortoiseSVN\bin;"C:\Users\dfc\AppData\Local\Microsoft\WindowsApps;C:\WINDOWS\system32";C:\Users\dfc\AppData\Roaming\npm;D:\self_filebox\网站建设
10 verbose lifecycle dmail@0.0.0~start: CWD: D:\self_filebox\github上传项目\homeworks\dfc\2017-11-29\dmail
11 silly lifecycle dmail@0.0.0~start: Args: [ '/d /s /c', 'node ./bin/www' ]
12 verbose stack Error: kill ENOSYS
12 verbose stack     at exports._errnoException (util.js:1018:11)
12 verbose stack     at process.kill (internal/process.js:190:13)
12 verbose stack     at process.listener (C:\Program Files\nodejs\node_modules\npm\node_modules\npmlog\node_modules\gauge\node_modules\signal-exit\index.js:86:15)
12 verbose stack     at emitNone (events.js:91:20)
12 verbose stack     at process.emit (events.js:185:7)
12 verbose stack     at processEmit (C:\Program Files\nodejs\node_modules\npm\node_modules\npmlog\node_modules\gauge\node_modules\signal-exit\index.js:146:32)
12 verbose stack     at processEmit (C:\Program Files\nodejs\node_modules\npm\node_modules\npm-registry-client\node_modules\npmlog\node_modules\gauge\node_modules\signal-exit\index.js:146:32)
12 verbose stack     at Signal.wrap.onsignal (internal/process.js:217:44)
13 verbose cwd D:\self_filebox\github上传项目\homeworks\dfc\2017-11-29\dmail
14 error Windows_NT 10.0.15063
15 error argv "C:\\Program Files\\nodejs\\node.exe" "C:\\Program Files\\nodejs\\node_modules\\npm\\bin\\npm-cli.js" "start"
16 error node v6.11.1
17 error npm  v3.10.10
18 error code ENOSYS
19 error errno ENOSYS
20 error syscall kill
21 error kill ENOSYS
22 error If you need help, you may report this error at:
22 error     <https://github.com/npm/npm/issues>
23 verbose exit [ 1, true ]
